<?xml version="1.0" encoding="UTF-8"?>
<!-- Generated by org.testng.reporters.JUnitXMLReporter -->
<testsuite ignored="0" hostname="DESKTOP-CEI4P0U" failures="0" tests="5" name="Test" time="226.907" errors="0" timestamp="2025-03-17T16:52:31 IST">
  <testcase classname="com.tests.Testing1" name="verifyHomePage" time="5.161"/>
  <testcase classname="com.tests.Testing1" name="verifyPracticePage" time="117.108"/>
  <testcase classname="com.tests.Testing1" name="verifyCoursesSearch" time="15.899"/>
  <testcase classname="com.tests.Testing1" name="LoginPage" time="10.334"/>
  <testcase classname="com.tests.Testing1" name="RegistrationPage" time="35.882"/>
</testsuite> <!-- Test -->
